have_library: checking for xmlNewDoc() in -lxml2... -------------------- yes

"gcc -o conftest -I/Users/CloudFactory/.rvm/rubies/ruby-2.1.4/include/ruby-2.1.0/x86_64-darwin14.0 -I/Users/CloudFactory/.rvm/rubies/ruby-2.1.4/include/ruby-2.1.0/ruby/backward -I/Users/CloudFactory/.rvm/rubies/ruby-2.1.4/include/ruby-2.1.0 -I.  -I/usr/local/opt/libyaml/include -I/usr/local/opt/readline/include -I/usr/local/opt/libksba/include -I/usr/local/opt/openssl/include -D_XOPEN_SOURCE -D_DARWIN_C_SOURCE -D_DARWIN_UNLIMITED_SELECT -D_REENTRANT    -O3 -fno-fast-math -ggdb3 -Wall -Wextra -Wno-unused-parameter -Wno-parentheses -Wno-long-long -Wno-missing-field-initializers -Wunused-variable -Wpointer-arith -Wwrite-strings -Wdeclaration-after-statement -Wshorten-64-to-32 -Wimplicit-function-declaration -Wdivision-by-zero -Wextra-tokens  -fno-common -pipe -std=c99 conftest.c  -L. -L/Users/CloudFactory/.rvm/rubies/ruby-2.1.4/lib -L/usr/local/opt/libyaml/lib -L/usr/local/opt/readline/lib -L/usr/local/opt/libksba/lib -L/usr/local/opt/openssl/lib -L. -fstack-protector -L/usr/local/opt/libyaml/lib -L/usr/local/opt/readline/lib -L/usr/local/opt/libksba/lib -L/usr/local/opt/openssl/lib      -lruby.2.1.0  -lpthread -ldl -lobjc "
checked program was:
/* begin */
1: #include "ruby.h"
2: 
3: int main(int argc, char **argv)
4: {
5:   return 0;
6: }
/* end */

"gcc -o conftest -I/Users/CloudFactory/.rvm/rubies/ruby-2.1.4/include/ruby-2.1.0/x86_64-darwin14.0 -I/Users/CloudFactory/.rvm/rubies/ruby-2.1.4/include/ruby-2.1.0/ruby/backward -I/Users/CloudFactory/.rvm/rubies/ruby-2.1.4/include/ruby-2.1.0 -I.  -I/usr/local/opt/libyaml/include -I/usr/local/opt/readline/include -I/usr/local/opt/libksba/include -I/usr/local/opt/openssl/include -D_XOPEN_SOURCE -D_DARWIN_C_SOURCE -D_DARWIN_UNLIMITED_SELECT -D_REENTRANT    -O3 -fno-fast-math -ggdb3 -Wall -Wextra -Wno-unused-parameter -Wno-parentheses -Wno-long-long -Wno-missing-field-initializers -Wunused-variable -Wpointer-arith -Wwrite-strings -Wdeclaration-after-statement -Wshorten-64-to-32 -Wimplicit-function-declaration -Wdivision-by-zero -Wextra-tokens  -fno-common -pipe -std=c99 conftest.c  -L. -L/Users/CloudFactory/.rvm/rubies/ruby-2.1.4/lib -L/usr/local/opt/libyaml/lib -L/usr/local/opt/readline/lib -L/usr/local/opt/libksba/lib -L/usr/local/opt/openssl/lib -L. -fstack-protector -L/usr/local/opt/libyaml/lib -L/usr/local/opt/readline/lib -L/usr/local/opt/libksba/lib -L/usr/local/opt/openssl/lib      -lruby.2.1.0 -lxml2  -lpthread -ldl -lobjc "
conftest.c:13:57: error: use of undeclared identifier 'xmlNewDoc'
int t(void) { void ((*volatile p)()); p = (void ((*)()))xmlNewDoc; return 0; }
                                                        ^
1 error generated.
checked program was:
/* begin */
 1: #include "ruby.h"
 2: 
 3: /*top*/
 4: extern int t(void);
 5: int main(int argc, char **argv)
 6: {
 7:   if (argc > 1000000) {
 8:     printf("%p", &t);
 9:   }
10: 
11:   return 0;
12: }
13: int t(void) { void ((*volatile p)()); p = (void ((*)()))xmlNewDoc; return 0; }
/* end */

"gcc -o conftest -I/Users/CloudFactory/.rvm/rubies/ruby-2.1.4/include/ruby-2.1.0/x86_64-darwin14.0 -I/Users/CloudFactory/.rvm/rubies/ruby-2.1.4/include/ruby-2.1.0/ruby/backward -I/Users/CloudFactory/.rvm/rubies/ruby-2.1.4/include/ruby-2.1.0 -I.  -I/usr/local/opt/libyaml/include -I/usr/local/opt/readline/include -I/usr/local/opt/libksba/include -I/usr/local/opt/openssl/include -D_XOPEN_SOURCE -D_DARWIN_C_SOURCE -D_DARWIN_UNLIMITED_SELECT -D_REENTRANT    -O3 -fno-fast-math -ggdb3 -Wall -Wextra -Wno-unused-parameter -Wno-parentheses -Wno-long-long -Wno-missing-field-initializers -Wunused-variable -Wpointer-arith -Wwrite-strings -Wdeclaration-after-statement -Wshorten-64-to-32 -Wimplicit-function-declaration -Wdivision-by-zero -Wextra-tokens  -fno-common -pipe -std=c99 conftest.c  -L. -L/Users/CloudFactory/.rvm/rubies/ruby-2.1.4/lib -L/usr/local/opt/libyaml/lib -L/usr/local/opt/readline/lib -L/usr/local/opt/libksba/lib -L/usr/local/opt/openssl/lib -L. -fstack-protector -L/usr/local/opt/libyaml/lib -L/usr/local/opt/readline/lib -L/usr/local/opt/libksba/lib -L/usr/local/opt/openssl/lib      -lruby.2.1.0 -lxml2  -lpthread -ldl -lobjc "
conftest.c:13:15: warning: implicit declaration of function 'xmlNewDoc' is invalid in C99 [-Wimplicit-function-declaration]
int t(void) { xmlNewDoc(); return 0; }
              ^
1 warning generated.
checked program was:
/* begin */
 1: #include "ruby.h"
 2: 
 3: /*top*/
 4: extern int t(void);
 5: int main(int argc, char **argv)
 6: {
 7:   if (argc > 1000000) {
 8:     printf("%p", &t);
 9:   }
10: 
11:   return 0;
12: }
13: int t(void) { xmlNewDoc(); return 0; }
/* end */

--------------------

"gcc -o conftest -I/Users/CloudFactory/.rvm/rubies/ruby-2.1.4/include/ruby-2.1.0/x86_64-darwin14.0 -I/Users/CloudFactory/.rvm/rubies/ruby-2.1.4/include/ruby-2.1.0/ruby/backward -I/Users/CloudFactory/.rvm/rubies/ruby-2.1.4/include/ruby-2.1.0 -I.  -I/usr/local/opt/libyaml/include -I/usr/local/opt/readline/include -I/usr/local/opt/libksba/include -I/usr/local/opt/openssl/include -D_XOPEN_SOURCE -D_DARWIN_C_SOURCE -D_DARWIN_UNLIMITED_SELECT -D_REENTRANT    -O3 -fno-fast-math -ggdb3 -Wall -Wextra -Wno-unused-parameter -Wno-parentheses -Wno-long-long -Wno-missing-field-initializers -Wunused-variable -Wpointer-arith -Wwrite-strings -Wdeclaration-after-statement -Wshorten-64-to-32 -Wimplicit-function-declaration -Wdivision-by-zero -Wextra-tokens  -fno-common -pipe -std=c99 conftest.c  -L. -L/Users/CloudFactory/.rvm/rubies/ruby-2.1.4/lib -L/usr/local/opt/libyaml/lib -L/usr/local/opt/readline/lib -L/usr/local/opt/libksba/lib -L/usr/local/opt/openssl/lib -lxml2    -lxml2  -lruby.2.1.0  -lpthread -ldl -lobjc "
checked program was:
/* begin */
1: #include "ruby.h"
2: 
3: int main() {return 0;}
/* end */

package configuration for libxml-2.0
cflags: -I/usr/include/libxml2
ldflags: 
libs: -lxml2

find_header: checking for nokogiri.h in /Users/CloudFactory/.rvm/gems/ruby-2.1.4/gems/nokogiri-1.6.3.1/ext/nokogiri... -------------------- yes

"gcc -E -I/Users/CloudFactory/.rvm/rubies/ruby-2.1.4/include/ruby-2.1.0/x86_64-darwin14.0 -I/Users/CloudFactory/.rvm/rubies/ruby-2.1.4/include/ruby-2.1.0/ruby/backward -I/Users/CloudFactory/.rvm/rubies/ruby-2.1.4/include/ruby-2.1.0 -I.  -I/usr/local/opt/libyaml/include -I/usr/local/opt/readline/include -I/usr/local/opt/libksba/include -I/usr/local/opt/openssl/include -D_XOPEN_SOURCE -D_DARWIN_C_SOURCE -D_DARWIN_UNLIMITED_SELECT -D_REENTRANT    -O3 -fno-fast-math -ggdb3 -Wall -Wextra -Wno-unused-parameter -Wno-parentheses -Wno-long-long -Wno-missing-field-initializers -Wunused-variable -Wpointer-arith -Wwrite-strings -Wdeclaration-after-statement -Wshorten-64-to-32 -Wimplicit-function-declaration -Wdivision-by-zero -Wextra-tokens  -fno-common -pipe -std=c99 -I/usr/include/libxml2  conftest.c -o conftest.i"
conftest.c:3:10: fatal error: 'nokogiri.h' file not found
#include <nokogiri.h>
         ^
1 error generated.
checked program was:
/* begin */
1: #include "ruby.h"
2: 
3: #include <nokogiri.h>
/* end */

"gcc -E -I/Users/CloudFactory/.rvm/rubies/ruby-2.1.4/include/ruby-2.1.0/x86_64-darwin14.0 -I/Users/CloudFactory/.rvm/rubies/ruby-2.1.4/include/ruby-2.1.0/ruby/backward -I/Users/CloudFactory/.rvm/rubies/ruby-2.1.4/include/ruby-2.1.0 -I.  -I/usr/local/opt/libyaml/include -I/usr/local/opt/readline/include -I/usr/local/opt/libksba/include -I/usr/local/opt/openssl/include -D_XOPEN_SOURCE -D_DARWIN_C_SOURCE -D_DARWIN_UNLIMITED_SELECT -D_REENTRANT    -O3 -fno-fast-math -ggdb3 -Wall -Wextra -Wno-unused-parameter -Wno-parentheses -Wno-long-long -Wno-missing-field-initializers -Wunused-variable -Wpointer-arith -Wwrite-strings -Wdeclaration-after-statement -Wshorten-64-to-32 -Wimplicit-function-declaration -Wdivision-by-zero -Wextra-tokens  -fno-common -pipe -std=c99 -I/usr/include/libxml2 -I/Users/CloudFactory/.rvm/gems/ruby-2.1.4/gems/nokogiri-1.6.3.1/ext/nokogiri conftest.c -o conftest.i"
In file included from conftest.c:3:
/Users/CloudFactory/.rvm/gems/ruby-2.1.4/gems/nokogiri-1.6.3.1/ext/nokogiri/nokogiri.h:13:9: warning: '_GNU_SOURCE' macro redefined
#define _GNU_SOURCE
        ^
/Users/CloudFactory/.rvm/rubies/ruby-2.1.4/include/ruby-2.1.0/x86_64-darwin14.0/ruby/config.h:17:9: note: previous definition is here
#define _GNU_SOURCE 1
        ^
1 warning generated.
checked program was:
/* begin */
1: #include "ruby.h"
2: 
3: #include <nokogiri.h>
/* end */

--------------------

find_header: checking for nokogiri.h in /Users/CloudFactory/.rvm/gems/ruby-2.1.4/gems/nokogiri-1.6.3.1/ext/nokogiri... -------------------- yes

"gcc -E -I/Users/CloudFactory/.rvm/rubies/ruby-2.1.4/include/ruby-2.1.0/x86_64-darwin14.0 -I/Users/CloudFactory/.rvm/rubies/ruby-2.1.4/include/ruby-2.1.0/ruby/backward -I/Users/CloudFactory/.rvm/rubies/ruby-2.1.4/include/ruby-2.1.0 -I. -I/Users/CloudFactory/.rvm/gems/ruby-2.1.4/gems/nokogiri-1.6.3.1/ext/nokogiri  -I/usr/local/opt/libyaml/include -I/usr/local/opt/readline/include -I/usr/local/opt/libksba/include -I/usr/local/opt/openssl/include -D_XOPEN_SOURCE -D_DARWIN_C_SOURCE -D_DARWIN_UNLIMITED_SELECT -D_REENTRANT    -O3 -fno-fast-math -ggdb3 -Wall -Wextra -Wno-unused-parameter -Wno-parentheses -Wno-long-long -Wno-missing-field-initializers -Wunused-variable -Wpointer-arith -Wwrite-strings -Wdeclaration-after-statement -Wshorten-64-to-32 -Wimplicit-function-declaration -Wdivision-by-zero -Wextra-tokens  -fno-common -pipe -std=c99 -I/usr/include/libxml2  conftest.c -o conftest.i"
In file included from conftest.c:3:
/Users/CloudFactory/.rvm/gems/ruby-2.1.4/gems/nokogiri-1.6.3.1/ext/nokogiri/nokogiri.h:13:9: warning: '_GNU_SOURCE' macro redefined
#define _GNU_SOURCE
        ^
/Users/CloudFactory/.rvm/rubies/ruby-2.1.4/include/ruby-2.1.0/x86_64-darwin14.0/ruby/config.h:17:9: note: previous definition is here
#define _GNU_SOURCE 1
        ^
1 warning generated.
checked program was:
/* begin */
1: #include "ruby.h"
2: 
3: #include <nokogiri.h>
/* end */

--------------------

have_library: checking for gumbo_parse() in -lgumbo... -------------------- no

"gcc -o conftest -I/Users/CloudFactory/.rvm/rubies/ruby-2.1.4/include/ruby-2.1.0/x86_64-darwin14.0 -I/Users/CloudFactory/.rvm/rubies/ruby-2.1.4/include/ruby-2.1.0/ruby/backward -I/Users/CloudFactory/.rvm/rubies/ruby-2.1.4/include/ruby-2.1.0 -I. -I/Users/CloudFactory/.rvm/gems/ruby-2.1.4/gems/nokogiri-1.6.3.1/ext/nokogiri  -I/usr/local/opt/libyaml/include -I/usr/local/opt/readline/include -I/usr/local/opt/libksba/include -I/usr/local/opt/openssl/include -D_XOPEN_SOURCE -D_DARWIN_C_SOURCE -D_DARWIN_UNLIMITED_SELECT -D_REENTRANT    -O3 -fno-fast-math -ggdb3 -Wall -Wextra -Wno-unused-parameter -Wno-parentheses -Wno-long-long -Wno-missing-field-initializers -Wunused-variable -Wpointer-arith -Wwrite-strings -Wdeclaration-after-statement -Wshorten-64-to-32 -Wimplicit-function-declaration -Wdivision-by-zero -Wextra-tokens  -fno-common -pipe -std=c99 -I/usr/include/libxml2 -DNGLIB conftest.c  -L. -L/Users/CloudFactory/.rvm/rubies/ruby-2.1.4/lib -L/usr/local/opt/libyaml/lib -L/usr/local/opt/readline/lib -L/usr/local/opt/libksba/lib -L/usr/local/opt/openssl/lib -L. -fstack-protector -L/usr/local/opt/libyaml/lib -L/usr/local/opt/readline/lib -L/usr/local/opt/libksba/lib -L/usr/local/opt/openssl/lib      -lxml2  -lxml2 -lruby.2.1.0 -lgumbo -lxml2  -lxml2 -lpthread -ldl -lobjc "
conftest.c:13:57: error: use of undeclared identifier 'gumbo_parse'
int t(void) { void ((*volatile p)()); p = (void ((*)()))gumbo_parse; return 0; }
                                                        ^
1 error generated.
checked program was:
/* begin */
 1: #include "ruby.h"
 2: 
 3: /*top*/
 4: extern int t(void);
 5: int main(int argc, char **argv)
 6: {
 7:   if (argc > 1000000) {
 8:     printf("%p", &t);
 9:   }
10: 
11:   return 0;
12: }
13: int t(void) { void ((*volatile p)()); p = (void ((*)()))gumbo_parse; return 0; }
/* end */

"gcc -o conftest -I/Users/CloudFactory/.rvm/rubies/ruby-2.1.4/include/ruby-2.1.0/x86_64-darwin14.0 -I/Users/CloudFactory/.rvm/rubies/ruby-2.1.4/include/ruby-2.1.0/ruby/backward -I/Users/CloudFactory/.rvm/rubies/ruby-2.1.4/include/ruby-2.1.0 -I. -I/Users/CloudFactory/.rvm/gems/ruby-2.1.4/gems/nokogiri-1.6.3.1/ext/nokogiri  -I/usr/local/opt/libyaml/include -I/usr/local/opt/readline/include -I/usr/local/opt/libksba/include -I/usr/local/opt/openssl/include -D_XOPEN_SOURCE -D_DARWIN_C_SOURCE -D_DARWIN_UNLIMITED_SELECT -D_REENTRANT    -O3 -fno-fast-math -ggdb3 -Wall -Wextra -Wno-unused-parameter -Wno-parentheses -Wno-long-long -Wno-missing-field-initializers -Wunused-variable -Wpointer-arith -Wwrite-strings -Wdeclaration-after-statement -Wshorten-64-to-32 -Wimplicit-function-declaration -Wdivision-by-zero -Wextra-tokens  -fno-common -pipe -std=c99 -I/usr/include/libxml2 -DNGLIB conftest.c  -L. -L/Users/CloudFactory/.rvm/rubies/ruby-2.1.4/lib -L/usr/local/opt/libyaml/lib -L/usr/local/opt/readline/lib -L/usr/local/opt/libksba/lib -L/usr/local/opt/openssl/lib -L. -fstack-protector -L/usr/local/opt/libyaml/lib -L/usr/local/opt/readline/lib -L/usr/local/opt/libksba/lib -L/usr/local/opt/openssl/lib      -lxml2  -lxml2 -lruby.2.1.0 -lgumbo -lxml2  -lxml2 -lpthread -ldl -lobjc "
conftest.c:13:15: warning: implicit declaration of function 'gumbo_parse' is invalid in C99 [-Wimplicit-function-declaration]
int t(void) { gumbo_parse(); return 0; }
              ^
1 warning generated.
ld: library not found for -lgumbo
clang: error: linker command failed with exit code 1 (use -v to see invocation)
checked program was:
/* begin */
 1: #include "ruby.h"
 2: 
 3: /*top*/
 4: extern int t(void);
 5: int main(int argc, char **argv)
 6: {
 7:   if (argc > 1000000) {
 8:     printf("%p", &t);
 9:   }
10: 
11:   return 0;
12: }
13: int t(void) { gumbo_parse(); return 0; }
/* end */

--------------------

